# JRE version: OpenJDK Runtime Environment (17.0.10) (build 17.0.10+0--11572160)
# Java VM: OpenJDK 64-Bit Server VM (17.0.10+0--11572160, mixed mode, tiered, compressed oops, compressed class ptrs, g1 gc, windows-amd64)
GC Precious Log:
 CPUs: 16 total, 16 available
 Memory: 6005M
 Large Page Support: Disabled
 NUMA Support: Disabled
 Compressed Oops: Enabled (32-bit)
 Heap Region Size: 1M
 Heap Min Capacity: 8M
 Heap Initial Capacity: 94M
 Heap Max Capacity: 1502M
 Pre-touch: Disabled
 Parallel Workers: 13
 Concurrent Workers: 3
 Concurrent Refinement Workers: 13
 Periodic GC: Disabled
Heap:
 garbage-first heap   total 104448K, used 53203K [0x00000000a2200000, 0x0000000100000000)
  region size 1024K, 11 young (11264K), 3 survivors (3072K)
 Metaspace       used 66323K, committed 66624K, reserved 1114112K
  class space    used 7679K, committed 7808K, reserved 1048576K
GC Heap History (20 events):
Event: 8.666 GC heap before
{Heap before GC invocations=10 (full 0):
 garbage-first heap   total 58368K, used 44032K [0x00000000a2200000, 0x0000000100000000)
  region size 1024K, 26 young (26624K), 4 survivors (4096K)
 Metaspace       used 46226K, committed 46464K, reserved 1114112K
  class space    used 5637K, committed 5760K, reserved 1048576K
}
Event: 8.677 GC heap after
{Heap after GC invocations=11 (full 0):
 garbage-first heap   total 58368K, used 24354K [0x00000000a2200000, 0x0000000100000000)
  region size 1024K, 3 young (3072K), 3 survivors (3072K)
 Metaspace       used 46226K, committed 46464K, reserved 1114112K
  class space    used 5637K, committed 5760K, reserved 1048576K
}
Event: 9.103 GC heap before
{Heap before GC invocations=11 (full 0):
 garbage-first heap   total 58368K, used 44834K [0x00000000a2200000, 0x0000000100000000)
  region size 1024K, 22 young (22528K), 3 survivors (3072K)
 Metaspace       used 46935K, committed 47168K, reserved 1114112K
  class space    used 5695K, committed 5824K, reserved 1048576K
}
Event: 9.118 GC heap after
{Heap after GC invocations=12 (full 0):
 garbage-first heap   total 58368K, used 28914K [0x00000000a2200000, 0x0000000100000000)
  region size 1024K, 3 young (3072K), 3 survivors (3072K)
 Metaspace       used 46935K, committed 47168K, reserved 1114112K
  class space    used 5695K, committed 5824K, reserved 1048576K
}
Event: 9.219 GC heap before
{Heap before GC invocations=12 (full 0):
 garbage-first heap   total 58368K, used 43250K [0x00000000a2200000, 0x0000000100000000)
  region size 1024K, 17 young (17408K), 3 survivors (3072K)
 Metaspace       used 46958K, committed 47232K, reserved 1114112K
  class space    used 5695K, committed 5824K, reserved 1048576K
}
Event: 9.229 GC heap after
{Heap after GC invocations=13 (full 0):
 garbage-first heap   total 70656K, used 30034K [0x00000000a2200000, 0x0000000100000000)
  region size 1024K, 1 young (1024K), 1 survivors (1024K)
 Metaspace       used 46958K, committed 47232K, reserved 1114112K
  class space    used 5695K, committed 5824K, reserved 1048576K
}
Event: 10.615 GC heap before
{Heap before GC invocations=14 (full 0):
 garbage-first heap   total 70656K, used 52562K [0x00000000a2200000, 0x0000000100000000)
  region size 1024K, 24 young (24576K), 1 survivors (1024K)
 Metaspace       used 50088K, committed 50304K, reserved 1114112K
  class space    used 5975K, committed 6080K, reserved 1048576K
}
Event: 10.629 GC heap after
{Heap after GC invocations=15 (full 0):
 garbage-first heap   total 70656K, used 33603K [0x00000000a2200000, 0x0000000100000000)
  region size 1024K, 3 young (3072K), 3 survivors (3072K)
 Metaspace       used 50088K, committed 50304K, reserved 1114112K
  class space    used 5975K, committed 6080K, reserved 1048576K
}
Event: 10.677 GC heap before
{Heap before GC invocations=15 (full 0):
 garbage-first heap   total 70656K, used 34627K [0x00000000a2200000, 0x0000000100000000)
  region size 1024K, 4 young (4096K), 3 survivors (3072K)
 Metaspace       used 50157K, committed 50368K, reserved 1114112K
  class space    used 5975K, committed 6080K, reserved 1048576K
}
Event: 10.685 GC heap after
{Heap after GC invocations=16 (full 0):
 garbage-first heap   total 70656K, used 33467K [0x00000000a2200000, 0x0000000100000000)
  region size 1024K, 1 young (1024K), 1 survivors (1024K)
 Metaspace       used 50157K, committed 50368K, reserved 1114112K
  class space    used 5975K, committed 6080K, reserved 1048576K
}
Event: 11.368 GC heap before
{Heap before GC invocations=16 (full 0):
 garbage-first heap   total 70656K, used 52923K [0x00000000a2200000, 0x0000000100000000)
  region size 1024K, 20 young (20480K), 1 survivors (1024K)
 Metaspace       used 50434K, committed 50624K, reserved 1114112K
  class space    used 5995K, committed 6080K, reserved 1048576K
}
Event: 11.377 GC heap after
{Heap after GC invocations=17 (full 0):
 garbage-first heap   total 70656K, used 37155K [0x00000000a2200000, 0x0000000100000000)
  region size 1024K, 3 young (3072K), 3 survivors (3072K)
 Metaspace       used 50434K, committed 50624K, reserved 1114112K
  class space    used 5995K, committed 6080K, reserved 1048576K
}
Event: 12.077 GC heap before
{Heap before GC invocations=18 (full 0):
 garbage-first heap   total 70656K, used 54563K [0x00000000a2200000, 0x0000000100000000)
  region size 1024K, 20 young (20480K), 3 survivors (3072K)
 Metaspace       used 52425K, committed 52672K, reserved 1114112K
  class space    used 6217K, committed 6336K, reserved 1048576K
}
Event: 12.090 GC heap after
{Heap after GC invocations=19 (full 0):
 garbage-first heap   total 104448K, used 39278K [0x00000000a2200000, 0x0000000100000000)
  region size 1024K, 2 young (2048K), 2 survivors (2048K)
 Metaspace       used 52425K, committed 52672K, reserved 1114112K
  class space    used 6217K, committed 6336K, reserved 1048576K
}
Event: 12.212 GC heap before
{Heap before GC invocations=19 (full 0):
 garbage-first heap   total 104448K, used 41326K [0x00000000a2200000, 0x0000000100000000)
  region size 1024K, 5 young (5120K), 2 survivors (2048K)
 Metaspace       used 53163K, committed 53376K, reserved 1114112K
  class space    used 6306K, committed 6400K, reserved 1048576K
}
Event: 12.221 GC heap after
{Heap after GC invocations=20 (full 0):
 garbage-first heap   total 104448K, used 39065K [0x00000000a2200000, 0x0000000100000000)
  region size 1024K, 1 young (1024K), 1 survivors (1024K)
 Metaspace       used 53163K, committed 53376K, reserved 1114112K
  class space    used 6306K, committed 6400K, reserved 1048576K
}
Event: 13.468 GC heap before
{Heap before GC invocations=20 (full 0):
 garbage-first heap   total 104448K, used 75929K [0x00000000a2200000, 0x0000000100000000)
  region size 1024K, 37 young (37888K), 1 survivors (1024K)
 Metaspace       used 58247K, committed 58496K, reserved 1114112K
  class space    used 6832K, committed 6912K, reserved 1048576K
}
Event: 13.480 GC heap after
{Heap after GC invocations=21 (full 0):
 garbage-first heap   total 104448K, used 42993K [0x00000000a2200000, 0x0000000100000000)
  region size 1024K, 5 young (5120K), 5 survivors (5120K)
 Metaspace       used 58247K, committed 58496K, reserved 1114112K
  class space    used 6832K, committed 6912K, reserved 1048576K
}
Event: 14.520 GC heap before
{Heap before GC invocations=21 (full 0):
 garbage-first heap   total 104448K, used 76785K [0x00000000a2200000, 0x0000000100000000)
  region size 1024K, 38 young (38912K), 5 survivors (5120K)
 Metaspace       used 64656K, committed 64896K, reserved 1114112K
  class space    used 7495K, committed 7616K, reserved 1048576K
}
Event: 14.541 GC heap after
{Heap after GC invocations=22 (full 0):
 garbage-first heap   total 104448K, used 46035K [0x00000000a2200000, 0x0000000100000000)
  region size 1024K, 3 young (3072K), 3 survivors (3072K)
 Metaspace       used 64656K, committed 64896K, reserved 1114112K
  class space    used 7495K, committed 7616K, reserved 1048576K
}

